*** New build: {2025-01-06 23:50:18} ***
scons: done reading SConscript files.
scons: Building targets ...
build_python(["drive/output/derived/project_outcomes/project_panel_major_months2_window1828D_criteria_comments_75pct_consecutive18_post_period12_threshold_gap_qty_0.parquet"], ["source/derived/project_outcomes/create_project_panel.py", "drive/output/derived/contributor_stats/departed_contributors/departed_contributors_major_months2_window1828D_criteria_comments_75pct_consecutive18_post_period12_threshold_gap_qty_0.parquet", "drive/output/derived/contributor_stats/contributor_rank_hierarchy/contributor_rank_major_months2_window1828D.parquet", "drive/output/derived/project_outcomes/project_outcomes_major_months2.parquet", "drive/output/scrape/link_committers_profile/committers_info_pr.csv", "drive/output/scrape/link_committers_profile/committers_info_push.csv"])
scons: *** [drive/output/derived/project_outcomes/project_panel_major_months2_window1828D_criteria_comments_75pct_consecutive18_post_period12_threshold_gap_qty_0.parquet] ExecCallError : Python did not run successfully. Please check that the executable, source, and target files are correctly specified. Check drive/output/derived/project_outcomes/sconscript.log and sconstruct.log for errors. 
Command tried: "python"  source/derived/project_outcomes/create_project_panel.py 2 1828 comments 75 18 12 threshold_gap_qty 0 > drive/output/derived/project_outcomes/sconscript.log
Traceback (most recent call last):
  File "/local/chrisliao/oss_hierarchy/source/derived/project_outcomes/create_project_panel.py", line 88, in <module>
    Main()
  File "/local/chrisliao/oss_hierarchy/source/derived/project_outcomes/create_project_panel.py", line 43, in Main
    departure_candidates_rank_rolling = GenerateDepartureCandidateRank(indir_committers_departure, indir_committers_rank, time_period, rolling_window, consecutive_periods, post_period_length, criteria_col, criteria_pct, general_pct, decline_type, decline_stat)
                                        ^^^^^^^^^^^^^^^^^^^^^^^^^^^^^^
NameError: name 'GenerateDepartureCandidateRank' is not defined

Traceback (most recent call last):
  File "/home/chrisliao/.conda/envs/oss_hierarchy/lib/python3.12/site-packages/SCons/Action.py", line 1441, in execute
    result = self.execfunction(target=target, source=rsources, env=env)
             ^^^^^^^^^^^^^^^^^^^^^^^^^^^^^^^^^^^^^^^^^^^^^^^^^^^^^^^^^^
  File "/local/chrisliao/oss_hierarchy/source/lib/JMSLab/builders/build_python.py", line 28, in build_python
    builder.execute_system_call()
  File "/local/chrisliao/oss_hierarchy/source/lib/JMSLab/builders/jmslab_builder.py", line 120, in execute_system_call
    self.do_call()
  File "/local/chrisliao/oss_hierarchy/source/lib/JMSLab/builders/jmslab_builder.py", line 159, in do_call
    self.raise_system_call_exception(traceback = traceback)
  File "/local/chrisliao/oss_hierarchy/source/lib/JMSLab/builders/jmslab_builder.py", line 186, in raise_system_call_exception
    raise ExecCallError(message)
source.lib.JMSLab._exception_classes.ExecCallError: Python did not run successfully. Please check that the executable, source, and target files are correctly specified. Check drive/output/derived/project_outcomes/sconscript.log and sconstruct.log for errors. 
Command tried: "python"  source/derived/project_outcomes/create_project_panel.py 2 1828 comments 75 18 12 threshold_gap_qty 0 > drive/output/derived/project_outcomes/sconscript.log
Traceback (most recent call last):
  File "/local/chrisliao/oss_hierarchy/source/derived/project_outcomes/create_project_panel.py", line 88, in <module>
    Main()
  File "/local/chrisliao/oss_hierarchy/source/derived/project_outcomes/create_project_panel.py", line 43, in Main
    departure_candidates_rank_rolling = GenerateDepartureCandidateRank(indir_committers_departure, indir_committers_rank, time_period, rolling_window, consecutive_periods, post_period_length, criteria_col, criteria_pct, general_pct, decline_type, decline_stat)
                                        ^^^^^^^^^^^^^^^^^^^^^^^^^^^^^^
NameError: name 'GenerateDepartureCandidateRank' is not defined

scons: building terminated because of errors.
